{
  "timestamp": "2025-11-05T19:35:20.894Z",
  "level": "INFO",
  "service": "Prisma",
  "message": "Database connected successfully"
}
{
  "timestamp": "2025-11-05T19:36:00.278Z",
  "level": "INFO",
  "service": "Prisma",
  "message": "Database connected successfully"
}
{
  "timestamp": "2025-11-05T19:42:27.986Z",
  "level": "INFO",
  "service": "Prisma",
  "message": "Database connected successfully"
}
{
  "timestamp": "2025-11-05T19:42:36.238Z",
  "level": "INFO",
  "service": "Prisma",
  "message": "Database connected successfully"
}
{
  "timestamp": "2025-11-05T19:45:06.882Z",
  "level": "INFO",
  "service": "Prisma",
  "message": "Database connected successfully"
}
{
  "timestamp": "2025-11-05T19:46:08.212Z",
  "level": "INFO",
  "service": "Prisma",
  "message": "Database connected successfully"
}
{
  "timestamp": "2025-11-05T19:46:10.381Z",
  "level": "INFO",
  "service": "Prisma",
  "message": "Database connected successfully"
}
{
  "timestamp": "2025-11-05T19:46:23.983Z",
  "level": "INFO",
  "service": "Prisma",
  "message": "Database connected successfully"
}
{
  "timestamp": "2025-11-05T19:47:48.960Z",
  "level": "INFO",
  "service": "Prisma",
  "message": "Database connected successfully"
}
{
  "timestamp": "2025-11-05T19:48:00.020Z",
  "level": "INFO",
  "service": "Prisma",
  "message": "Database connected successfully"
}
{
  "timestamp": "2025-11-05T19:48:08.226Z",
  "level": "INFO",
  "service": "Prisma",
  "message": "Database connected successfully"
}
{
  "timestamp": "2025-11-05T19:48:14.331Z",
  "level": "INFO",
  "service": "Prisma",
  "message": "Database connected successfully"
}
{
  "timestamp": "2025-11-05T19:55:54.445Z",
  "level": "INFO",
  "service": "Prisma",
  "message": "Database connected successfully"
}
{
  "timestamp": "2025-11-05T19:59:57.784Z",
  "level": "INFO",
  "service": "Prisma",
  "message": "Database connected successfully"
}
{
  "timestamp": "2025-11-05T20:00:34.264Z",
  "level": "INFO",
  "service": "Prisma",
  "message": "Database connected successfully"
}
{
  "timestamp": "2025-11-05T20:00:40.137Z",
  "level": "INFO",
  "service": "Prisma",
  "message": "Database connected successfully"
}
{
  "timestamp": "2025-11-05T20:00:43.641Z",
  "level": "INFO",
  "service": "Prisma",
  "message": "Database connected successfully"
}
{
  "timestamp": "2025-11-05T20:00:48.900Z",
  "level": "INFO",
  "service": "NextAuth",
  "message": "User sign in",
  "data": {
    "userId": "112029465074347928895",
    "provider": "google"
  }
}
{
  "timestamp": "2025-11-05T20:00:51.813Z",
  "level": "INFO",
  "service": "Prisma",
  "message": "Database connected successfully"
}
{
  "timestamp": "2025-11-05T20:02:02.150Z",
  "level": "INFO",
  "service": "Prisma",
  "message": "Database connected successfully"
}
{
  "timestamp": "2025-11-05T20:02:48.519Z",
  "level": "INFO",
  "service": "Prisma",
  "message": "Database connected successfully"
}
{
  "timestamp": "2025-11-05T20:04:10.064Z",
  "level": "INFO",
  "service": "Prisma",
  "message": "Database connected successfully"
}
{
  "timestamp": "2025-11-05T20:10:16.853Z",
  "level": "INFO",
  "service": "Prisma",
  "message": "Database connected successfully"
}
{
  "timestamp": "2025-11-05T20:11:20.435Z",
  "level": "INFO",
  "service": "Prisma",
  "message": "Database connected successfully"
}
{
  "timestamp": "2025-11-05T20:11:22.770Z",
  "level": "INFO",
  "service": "Prisma",
  "message": "Database connected successfully"
}
{
  "timestamp": "2025-11-05T20:11:58.172Z",
  "level": "INFO",
  "service": "Prisma",
  "message": "Database connected successfully"
}
{
  "timestamp": "2025-11-05T20:19:14.468Z",
  "level": "INFO",
  "service": "Prisma",
  "message": "Database connected successfully"
}
{
  "timestamp": "2025-11-05T20:19:44.128Z",
  "level": "INFO",
  "service": "Prisma",
  "message": "Database connected successfully"
}
{
  "timestamp": "2025-11-05T20:41:46.056Z",
  "level": "INFO",
  "service": "Prisma",
  "message": "Database connected successfully"
}
{
  "timestamp": "2025-11-05T20:42:28.035Z",
  "level": "INFO",
  "service": "Prisma",
  "message": "Database connected successfully"
}
{
  "timestamp": "2025-11-05T20:42:30.484Z",
  "level": "INFO",
  "service": "Prisma",
  "message": "Database connected successfully"
}
{
  "timestamp": "2025-11-05T20:42:32.323Z",
  "level": "INFO",
  "service": "Prisma",
  "message": "Database connected successfully"
}
{
  "timestamp": "2025-11-05T20:42:40.431Z",
  "level": "INFO",
  "service": "NextAuth",
  "message": "User sign in",
  "data": {
    "userId": "cmhmfahci0000ihaofknynqb0",
    "provider": "google"
  }
}
{
  "timestamp": "2025-11-05T20:42:43.179Z",
  "level": "INFO",
  "service": "Prisma",
  "message": "Database connected successfully"
}
{
  "timestamp": "2025-11-05T20:43:38.268Z",
  "level": "INFO",
  "service": "Prisma",
  "message": "Database connected successfully"
}
{
  "timestamp": "2025-11-05T20:46:09.507Z",
  "level": "INFO",
  "service": "Prisma",
  "message": "Database connected successfully"
}
{
  "timestamp": "2025-11-05T20:49:26.327Z",
  "level": "INFO",
  "service": "Prisma",
  "message": "Database connected successfully"
}
{
  "timestamp": "2025-11-05T20:49:29.764Z",
  "level": "INFO",
  "service": "Prisma",
  "message": "Database connected successfully"
}
{
  "timestamp": "2025-11-05T20:50:09.343Z",
  "level": "INFO",
  "service": "Prisma",
  "message": "Database connected successfully"
}
{
  "timestamp": "2025-11-05T20:50:54.195Z",
  "level": "INFO",
  "service": "Prisma",
  "message": "Database connected successfully"
}
